#
# A fatal error has been detected by the Java Runtime Environment:
#
#  EXCEPTION_ACCESS_VIOLATION (0xc0000005) at pc=0x0000018ae07d0595, pid=12204, tid=31812
#
# JRE version: OpenJDK Runtime Environment Temurin-18.0.1+10 (18.0.1+10) (build 18.0.1+10)
# Java VM: OpenJDK 64-Bit Server VM Temurin-18.0.1+10 (18.0.1+10, mixed mode, tiered, compressed oops, compressed class ptrs, g1 gc, windows-amd64)
# Problematic frame:
# v  ~BufferBlob::MethodHandles adapters
#
# No core dump will be written. Minidumps are not enabled by default on client versions of Windows
#
# If you would like to submit a bug report, please visit:
#   https://github.com/adoptium/adoptium-support/issues
#

---------------  S U M M A R Y ------------

Command Line: -XX:+ShowCodeDetailsInExceptionMessages -agentlib:jdwp=transport=dt_socket,suspend=y,address=localhost:63807 -ea -Dfile.encoding=UTF-8 org.testng.remote.RemoteTestNG -serport 63806 -protocol json -d C:\Users\Sayli\eclipse-cucumberFramework_Practice\Automation\test-output C:\Users\Sayli\AppData\Local\Temp\testng-eclipse-1046544308\testng-customsuite.xml

Host: AMD Ryzen 5 5625U with Radeon Graphics         , 12 cores, 7G,  Windows 11 , 64 bit Build 22000 (10.0.22000.1219)
Time: Mon Dec 12 22:46:00 2022 India Standard Time elapsed time: 172.549226 seconds (0d 0h 2m 52s)

---------------  T H R E A D  ---------------

Current thread (0x0000018add0c28f0):  JavaThread "main" [_thread_in_Java, id=31812, stack(0x0000007d0d900000,0x0000007d0da00000)]

Stack: [0x0000007d0d900000,0x0000007d0da00000],  sp=0x0000007d0d9fcdc8,  free space=1011k
Native frames: (J=compiled Java code, j=interpreted, Vv=VM code, C=native code)
C  0x0000018ae07d0595


siginfo: EXCEPTION_ACCESS_VIOLATION (0xc0000005), reading address 0x00000000ffb16006


Register to memory mapping:

RIP=0x0000018ae07d0595 is at begin+45 in a stub
MethodHandle::interpreter_entry::_linkToSpecial [0x0000018ae07d0568, 0x0000018ae07d05b7] (79 bytes)
RAX=0x0000018ae0799ee8 is at code_begin+3464 in an Interpreter codelet
return entry points  [0x0000018ae0799160, 0x0000018ae079b340]  8672 bytes
RBX=0x00000000ffb15ff6 is an unallocated location in the heap
RCX=0x0000007d0d9fcdd0 is pointing into the stack for thread: 0x0000018add0c28f0
RDX=0x0000000000000002 is an unknown value
RSP=0x0000007d0d9fcdc8 is pointing into the stack for thread: 0x0000018add0c28f0
RBP=0x0000007d0d9fce18 is pointing into the stack for thread: 0x0000018add0c28f0
RSI=0x0000018afc5bb778 points into unknown readable memory: 0x8000062f641a634b | 4b 63 1a 64 2f 06 00 80
RDI=0x0000018afc070230 points into unknown readable memory: 0x0000001800000070 | 70 00 00 00 18 00 00 00
R8 =0x0000000000000002 is an unknown value
R9 =0x0000000000000002 is an unknown value
R10=0x00007ffd09ceb2f0 jvm.dll
R11={method} {0x0000018af7497608} 'newInvokeSpecial' '(Ljava/lang/Object;)Ljava/lang/Object;' in 'java/lang/invoke/DirectMethodHandle$Holder'
R12=0x0 is NULL
R13=0x0000007d0d9fcdc8 is pointing into the stack for thread: 0x0000018add0c28f0
R14=0x0000007d0d9fce38 is pointing into the stack for thread: 0x0000018add0c28f0
R15=0x0000018add0c28f0 is a thread


Registers:
RAX=0x0000018ae0799ee8, RBX=0x00000000ffb15ff6, RCX=0x0000007d0d9fcdd0, RDX=0x0000000000000002
RSP=0x0000007d0d9fcdc8, RBP=0x0000007d0d9fce18, RSI=0x0000018afc5bb778, RDI=0x0000018afc070230
R8 =0x0000000000000002, R9 =0x0000000000000002, R10=0x00007ffd09ceb2f0, R11=0x0000018af7497600
R12=0x0000000000000000, R13=0x0000007d0d9fcdc8, R14=0x0000007d0d9fce38, R15=0x0000018add0c28f0
RIP=0x0000018ae07d0595, EFLAGS=0x0000000000010206

Top of Stack: (sp=0x0000007d0d9fcdc8)
0x0000007d0d9fcdc8:   0000018ae0799ee8 0000007d0d9fcdd0
0x0000007d0d9fcdd8:   0000018af74975ef 0000007d0d9fce38
0x0000007d0d9fcde8:   0000018af749b118 0000018af7fe1658
0x0000007d0d9fcdf8:   000000009042ab28 0000018af7497600
0x0000007d0d9fce08:   0000007d0d9fcdc8 0000007d0d9fce40
0x0000007d0d9fce18:   0000007d0d9fcf28 0000018ae1057a46
0x0000007d0d9fce28:   00000000911fd7f8 00000000911fd8a0
0x0000007d0d9fce38:   00000000911fd858 0000018ae079a41a
0x0000007d0d9fce48:   00000000911fd858 00000000911fd888
0x0000007d0d9fce58:   0000007d0d9fce58 0000018af71ecb1e
0x0000007d0d9fce68:   0000007d0d9fced0 0000000000000000
0x0000007d0d9fce78:   0000007d0d9fce78 00000000911fd858
0x0000007d0d9fce88:   000000009043c998 0000018af71e88c0
0x0000007d0d9fce98:   0000000000000000 0000018ae105783c
0x0000007d0d9fcea8:   0000018af7074110 0000007d0d9fcf28
0x0000007d0d9fceb8:   0000018ae079a41a 0000007d0d9fcf30 

Instructions: (pc=0x0000018ae07d0595)
0x0000018ae07d0495:   00 66 66 0f 1f 84 00 00 00 00 00 48 8b 53 08 0f
0x0000018ae07d04a5:   b7 52 2c 48 8b 0c d4 8b 59 14 8b 5b 28 8b 5b 24
0x0000018ae07d04b5:   48 8b 5b 10 48 85 db 0f 84 10 00 00 00 41 80 bf
0x0000018ae07d04c5:   80 04 00 00 00 74 03 ff 63 38 ff 63 50 e9 29 16
0x0000018ae07d04d5:   00 00 66 0f 1f 84 00 00 00 00 00 48 8b 53 08 0f
0x0000018ae07d04e5:   b7 52 2c 48 8b 0c d4 58 5b 50 44 8b 51 08 49 c1
0x0000018ae07d04f5:   e2 03 4c 8b 5b 10 4b 8b 9c da b8 01 00 00 48 85
0x0000018ae07d0505:   db 0f 84 10 00 00 00 41 80 bf 80 04 00 00 00 74
0x0000018ae07d0515:   03 ff 63 38 ff 63 50 e9 df 15 00 00 66 66 66 0f
0x0000018ae07d0525:   1f 84 00 00 00 00 00 66 66 0f 1f 84 00 00 00 00
0x0000018ae07d0535:   00 66 66 0f 1f 84 00 00 00 00 00 58 5b 50 8b 5b
0x0000018ae07d0545:   24 48 8b 5b 10 48 85 db 0f 84 10 00 00 00 41 80
0x0000018ae07d0555:   bf 80 04 00 00 00 74 03 ff 63 38 ff 63 50 e9 98
0x0000018ae07d0565:   15 00 00 66 66 66 0f 1f 84 00 00 00 00 00 0f 1f
0x0000018ae07d0575:   80 00 00 00 00 66 0f 1f 44 00 00 48 8b 53 08 0f
0x0000018ae07d0585:   b7 52 2c 48 8b 0c d4 58 5b 50 48 3b 01 8b 5b 24
0x0000018ae07d0595:   48 8b 5b 10 48 85 db 0f 84 10 00 00 00 41 80 bf
0x0000018ae07d05a5:   80 04 00 00 00 74 03 ff 63 38 ff 63 50 e9 49 15
0x0000018ae07d05b5:   00 00 66 0f 1f 84 00 00 00 00 00 48 8b 53 08 0f
0x0000018ae07d05c5:   b7 52 2c 48 8b 0c d4 58 5b 50 44 8b 51 08 49 c1
0x0000018ae07d05d5:   e2 03 8b 43 18 48 8b 40 10 48 8b 5b 10 45 8b 9a
0x0000018ae07d05e5:   a0 00 00 00 4f 8d 9c da b8 01 00 00 4d 8d 14 da
0x0000018ae07d05f5:   49 8b 1b 48 3b c3 74 15 48 85 db 0f 84 32 00 00
0x0000018ae07d0605:   00 49 83 c3 10 49 8b 1b 48 3b c3 75 eb 45 8b 5b
0x0000018ae07d0615:   08 4b 8b 1c 1a 48 85 db 0f 84 10 00 00 00 41 80
0x0000018ae07d0625:   bf 80 04 00 00 00 74 03 ff 63 38 ff 63 50 e9 c8
0x0000018ae07d0635:   14 00 00 e9 c3 11 00 00 f4 00 00 00 00 00 00 00
0x0000018ae07d0645:   00 00 00 00 00 00 00 00 00 00 00 00 00 00 00 00
0x0000018ae07d0655:   00 00 00 00 00 00 00 00 00 00 00 00 00 00 00 00
0x0000018ae07d0665:   00 00 00 00 00 00 00 00 00 00 00 00 00 00 00 00
0x0000018ae07d0675:   00 00 00 00 00 00 00 00 00 00 00 00 00 00 00 00
0x0000018ae07d0685:   00 00 00 00 00 00 00 00 00 00 00 00 00 00 00 00 


Stack slot to memory mapping:
stack at sp + 0 slots: 0x0000018ae0799ee8 is at code_begin+3464 in an Interpreter codelet
return entry points  [0x0000018ae0799160, 0x0000018ae079b340]  8672 bytes
stack at sp + 1 slots: 0x0000007d0d9fcdd0 is pointing into the stack for thread: 0x0000018add0c28f0
stack at sp + 2 slots: 0x0000018af74975ef is pointing into metadata
stack at sp + 3 slots: 0x0000007d0d9fce38 is pointing into the stack for thread: 0x0000018add0c28f0
stack at sp + 4 slots: 0x0000018af749b118 is pointing into metadata
stack at sp + 5 slots: 0x0000018af7fe1658 is pointing into metadata
stack at sp + 6 slots: 0x000000009042ab28 is an oop: java.lang.Class 
{0x000000009042ab28} - klass: 'java/lang/Class'
 - ---- fields (total size 14 words):
 - private volatile transient 'classRedefinedCount' 'I' @12  0
 - abstract internal 'klass' 'J' @16  4295063760 (178d0 1)
 - abstract internal 'array_klass' 'J' @24  0 (0 0)
 - abstract internal 'oop_size' 'I' @32  14 (e)
 - abstract internal 'static_oop_field_count' 'I' @36  0
 - private volatile transient 'cachedConstructor' 'Ljava/lang/reflect/Constructor;' @40  NULL (0)
 - private transient 'name' 'Ljava/lang/String;' @44  NULL (0)
 - private transient 'module' 'Ljava/lang/Module;' @48  a 'java/lang/Module'{0x000000009043ccc0} (9043ccc0)
 - private final 'classLoader' 'Ljava/lang/ClassLoader;' @52  NULL (0)
 - private transient 'classData' 'Ljava/lang/Object;' @56  NULL (0)
 - private transient 'packageName' 'Ljava/lang/String;' @60  NULL (0)
 - private final 'componentType' 'Ljava/lang/Class;' @64  NULL (0)
 - private volatile transient 'reflectionData' 'Ljava/lang/ref/SoftReference;' @68  NULL (0)
 - private volatile transient 'genericInfo' 'Lsun/reflect/generics/repository/ClassRepository;' @72  NULL (0)
 - private volatile transient 'enumConstants' '[Ljava/lang/Object;' @76  NULL (0)
 - private volatile transient 'enumConstantDirectory' 'Ljava/util/Map;' @80  NULL (0)
 - private volatile transient 'annotationData' 'Ljava/lang/Class$AnnotationData;' @84  NULL (0)
 - private volatile transient 'annotationType' 'Lsun/reflect/annotation/AnnotationType;' @88  NULL (0)
 - transient 'classValueMap' 'Ljava/lang/ClassValue$ClassValueMap;' @92  NULL (0)
 - abstract internal 'protection_domain' 'Ljava/lang/Object;' @96  NULL (0)
 - abstract internal 'signers_name' 'Ljava/lang/Object;' @100  NULL (0)
 - abstract internal 'source_file' 'Ljava/lang/Object;' @104  NULL (0)
 - signature: Ljava/lang/invoke/DirectMethodHandle$Holder;
 - ---- static fields (0):
stack at sp + 7 slots: {method} {0x0000018af7497608} 'newInvokeSpecial' '(Ljava/lang/Object;)Ljava/lang/Object;' in 'java/lang/invoke/DirectMethodHandle$Holder'

MethodHandle::interpreter_entry::_linkToSpecial [0x0000018ae07d0568, 0x0000018ae07d05b7] (79 bytes)
[MachCode]
  0x0000018ae07d0568: 6666 660f | 1f84 0000 | 0000 000f | 1f80 0000 | 0000 660f | 1f44 0000 | 488b 5308 | 0fb7 522c 
  0x0000018ae07d0588: 488b 0cd4 | 585b 5048 | 3b01 8b5b | 2448 8b5b | 1048 85db | 0f84 1000 | 0000 4180 | bf80 0400 
  0x0000018ae07d05a8: 0000 7403 | ff63 38ff | 6350 e949 | 
[/MachCode]

---------------  P R O C E S S  ---------------

Threads class SMR info:
_java_thread_list=0x0000018afcd27740, length=16, elements={
0x0000018add0c28f0, 0x0000018af6f1d600, 0x0000018af6f5a020, 0x0000018af6f74420,
0x0000018af6f74dc0, 0x0000018afb10ad00, 0x0000018afb10b2b0, 0x0000018afb10f480,
0x0000018afb10fe60, 0x0000018afb141010, 0x0000018afb2c15d0, 0x0000018afb2c2080,
0x0000018afb2c6910, 0x0000018afb2cc710, 0x0000018afb2d5cb0, 0x0000018afbe7d220
}

Java Threads: ( => current thread )
=>0x0000018add0c28f0 JavaThread "main" [_thread_in_Java, id=31812, stack(0x0000007d0d900000,0x0000007d0da00000)]
  0x0000018af6f1d600 JavaThread "Reference Handler" daemon [_thread_blocked, id=19508, stack(0x0000007d0e000000,0x0000007d0e100000)]
  0x0000018af6f5a020 JavaThread "Finalizer" daemon [_thread_blocked, id=21068, stack(0x0000007d0e100000,0x0000007d0e200000)]
  0x0000018af6f74420 JavaThread "Signal Dispatcher" daemon [_thread_blocked, id=30836, stack(0x0000007d0e200000,0x0000007d0e300000)]
  0x0000018af6f74dc0 JavaThread "Attach Listener" daemon [_thread_blocked, id=15596, stack(0x0000007d0e300000,0x0000007d0e400000)]
  0x0000018afb10ad00 JavaThread "Service Thread" daemon [_thread_blocked, id=26592, stack(0x0000007d0e400000,0x0000007d0e500000)]
  0x0000018afb10b2b0 JavaThread "Monitor Deflation Thread" daemon [_thread_blocked, id=148, stack(0x0000007d0e500000,0x0000007d0e600000)]
  0x0000018afb10f480 JavaThread "C2 CompilerThread0" daemon [_thread_blocked, id=15068, stack(0x0000007d0e600000,0x0000007d0e700000)]
  0x0000018afb10fe60 JavaThread "C1 CompilerThread0" daemon [_thread_blocked, id=24260, stack(0x0000007d0e700000,0x0000007d0e800000)]
  0x0000018afb141010 JavaThread "Sweeper thread" daemon [_thread_blocked, id=29916, stack(0x0000007d0e800000,0x0000007d0e900000)]
  0x0000018afb2c15d0 JavaThread "JDWP Transport Listener: dt_socket" daemon [_thread_blocked, id=28916, stack(0x0000007d0e900000,0x0000007d0ea00000)]
  0x0000018afb2c2080 JavaThread "JDWP Event Helper Thread" daemon [_thread_blocked, id=23156, stack(0x0000007d0ea00000,0x0000007d0eb00000)]
  0x0000018afb2c6910 JavaThread "JDWP Command Reader" daemon [_thread_in_native, id=18652, stack(0x0000007d0eb00000,0x0000007d0ec00000)]
  0x0000018afb2cc710 JavaThread "Notification Thread" daemon [_thread_blocked, id=30308, stack(0x0000007d0ec00000,0x0000007d0ed00000)]
  0x0000018afb2d5cb0 JavaThread "Common-Cleaner" daemon [_thread_blocked, id=29436, stack(0x0000007d0ee00000,0x0000007d0ef00000)]
  0x0000018afbe7d220 JavaThread "ReaderThread" [_thread_in_native, id=19164, stack(0x0000007d0f100000,0x0000007d0f200000)]

Other Threads:
  0x0000018add151140 VMThread "VM Thread" [stack: 0x0000007d0df00000,0x0000007d0e000000] [id=30404]
  0x0000018afb2ccbd0 WatcherThread "VM Periodic Task Thread" [stack: 0x0000007d0ed00000,0x0000007d0ee00000] [id=17832]
  0x0000018add11eb50 WorkerThread "GC Thread#0" [stack: 0x0000007d0da00000,0x0000007d0db00000] [id=30024]
  0x0000018afc27aad0 WorkerThread "GC Thread#1" [stack: 0x0000007d0f200000,0x0000007d0f300000] [id=13384]
  0x0000018afc6e7b90 WorkerThread "GC Thread#2" [stack: 0x0000007d0f300000,0x0000007d0f400000] [id=3712]
  0x0000018afc8436f0 WorkerThread "GC Thread#3" [stack: 0x0000007d0f400000,0x0000007d0f500000] [id=29504]
  0x0000018afc8f5ee0 WorkerThread "GC Thread#4" [stack: 0x0000007d0f500000,0x0000007d0f600000] [id=12488]
  0x0000018afc8f6180 WorkerThread "GC Thread#5" [stack: 0x0000007d0f600000,0x0000007d0f700000] [id=15156]
  0x0000018afc8f6420 WorkerThread "GC Thread#6" [stack: 0x0000007d0f700000,0x0000007d0f800000] [id=13304]
  0x0000018afc889050 WorkerThread "GC Thread#7" [stack: 0x0000007d0f800000,0x0000007d0f900000] [id=12900]
  0x0000018afc889700 WorkerThread "GC Thread#8" [stack: 0x0000007d0f900000,0x0000007d0fa00000] [id=10540]
  0x0000018afc88b9b0 WorkerThread "GC Thread#9" [stack: 0x0000007d0fa00000,0x0000007d0fb00000] [id=26328]
  0x0000018add12e4c0 ConcurrentGCThread "G1 Main Marker" [stack: 0x0000007d0db00000,0x0000007d0dc00000] [id=20976]
  0x0000018add12f6b0 WorkerThread "G1 Conc#0" [stack: 0x0000007d0dc00000,0x0000007d0dd00000] [id=29012]
  0x0000018add17e5d0 ConcurrentGCThread "G1 Refine#0" [stack: 0x0000007d0dd00000,0x0000007d0de00000] [id=7972]
  0x0000018af6d880d0 ConcurrentGCThread "G1 Service" [stack: 0x0000007d0de00000,0x0000007d0df00000] [id=22024]

Threads with active compile tasks:

VM state: not at safepoint (normal execution)

VM Mutex/Monitor currently owned by a thread: None

Heap address: 0x000000008a600000, size: 1882 MB, Compressed Oops mode: 32-bit

CDS archive(s) not mapped
Compressed class space mapped at: 0x0000000100000000-0x0000000140000000, reserved size: 1073741824
Narrow klass base: 0x0000000000000000, Narrow klass shift: 3, Narrow klass range: 0x140000000

GC Precious Log:
 CardTable entry size: 512
 Card Set container configuration: InlinePtr #cards 5 size 8 Array Of Cards #cards 12 size 40 Howl #buckets 4 coarsen threshold 1843 Howl Bitmap #cards 512 size 80 coarsen threshold 460 Card regions per heap region 1 cards per card region 2048
 CPUs: 12 total, 12 available
 Memory: 7522M
 Large Page Support: Disabled
 NUMA Support: Disabled
 Compressed Oops: Enabled (32-bit)
 Heap Region Size: 1M
 Heap Min Capacity: 8M
 Heap Initial Capacity: 118M
 Heap Max Capacity: 1882M
 Pre-touch: Disabled
 Parallel Workers: 10
 Concurrent Workers: 3
 Concurrent Refinement Workers: 10
 Periodic GC: Disabled

Heap:
 garbage-first heap   total 120832K, used 16404K [0x000000008a600000, 0x0000000100000000)
  region size 1024K, 15 young (15360K), 3 survivors (3072K)
 Metaspace       used 19366K, committed 19712K, reserved 1114112K
  class space    used 2088K, committed 2240K, reserved 1048576K

Heap Regions: E=young(eden), S=young(survivor), O=old, HS=humongous(starts), HC=humongous(continues), CS=collection set, F=free, OA=open archive, CA=closed archive, TAMS=top-at-mark-start (previous, next)
|   0|0x000000008a600000, 0x000000008a700000, 0x000000008a700000|100%| O|  |TAMS 0x000000008a600000, 0x000000008a600000| Untracked 
|   1|0x000000008a700000, 0x000000008a800000, 0x000000008a800000|100%| O|  |TAMS 0x000000008a700000, 0x000000008a700000| Untracked 
|   2|0x000000008a800000, 0x000000008a805000, 0x000000008a900000|  1%| O|  |TAMS 0x000000008a800000, 0x000000008a800000| Untracked 
|   3|0x000000008a900000, 0x000000008a900000, 0x000000008aa00000|  0%| F|  |TAMS 0x000000008a900000, 0x000000008a900000| Untracked 
|   4|0x000000008aa00000, 0x000000008aa00000, 0x000000008ab00000|  0%| F|  |TAMS 0x000000008aa00000, 0x000000008aa00000| Untracked 
|   5|0x000000008ab00000, 0x000000008ab00000, 0x000000008ac00000|  0%| F|  |TAMS 0x000000008ab00000, 0x000000008ab00000| Untracked 
|   6|0x000000008ac00000, 0x000000008ac00000, 0x000000008ad00000|  0%| F|  |TAMS 0x000000008ac00000, 0x000000008ac00000| Untracked 
|   7|0x000000008ad00000, 0x000000008ad00000, 0x000000008ae00000|  0%| F|  |TAMS 0x000000008ad00000, 0x000000008ad00000| Untracked 
|   8|0x000000008ae00000, 0x000000008ae00000, 0x000000008af00000|  0%| F|  |TAMS 0x000000008ae00000, 0x000000008ae00000| Untracked 
|   9|0x000000008af00000, 0x000000008af00000, 0x000000008b000000|  0%| F|  |TAMS 0x000000008af00000, 0x000000008af00000| Untracked 
|  10|0x000000008b000000, 0x000000008b000000, 0x000000008b100000|  0%| F|  |TAMS 0x000000008b000000, 0x000000008b000000| Untracked 
|  11|0x000000008b100000, 0x000000008b100000, 0x000000008b200000|  0%| F|  |TAMS 0x000000008b100000, 0x000000008b100000| Untracked 
|  12|0x000000008b200000, 0x000000008b200000, 0x000000008b300000|  0%| F|  |TAMS 0x000000008b200000, 0x000000008b200000| Untracked 
|  13|0x000000008b300000, 0x000000008b300000, 0x000000008b400000|  0%| F|  |TAMS 0x000000008b300000, 0x000000008b300000| Untracked 
|  14|0x000000008b400000, 0x000000008b400000, 0x000000008b500000|  0%| F|  |TAMS 0x000000008b400000, 0x000000008b400000| Untracked 
|  15|0x000000008b500000, 0x000000008b500000, 0x000000008b600000|  0%| F|  |TAMS 0x000000008b500000, 0x000000008b500000| Untracked 
|  16|0x000000008b600000, 0x000000008b600000, 0x000000008b700000|  0%| F|  |TAMS 0x000000008b600000, 0x000000008b600000| Untracked 
|  17|0x000000008b700000, 0x000000008b700000, 0x000000008b800000|  0%| F|  |TAMS 0x000000008b700000, 0x000000008b700000| Untracked 
|  18|0x000000008b800000, 0x000000008b800000, 0x000000008b900000|  0%| F|  |TAMS 0x000000008b800000, 0x000000008b800000| Untracked 
|  19|0x000000008b900000, 0x000000008b900000, 0x000000008ba00000|  0%| F|  |TAMS 0x000000008b900000, 0x000000008b900000| Untracked 
|  20|0x000000008ba00000, 0x000000008ba00000, 0x000000008bb00000|  0%| F|  |TAMS 0x000000008ba00000, 0x000000008ba00000| Untracked 
|  21|0x000000008bb00000, 0x000000008bb00000, 0x000000008bc00000|  0%| F|  |TAMS 0x000000008bb00000, 0x000000008bb00000| Untracked 
|  22|0x000000008bc00000, 0x000000008bc00000, 0x000000008bd00000|  0%| F|  |TAMS 0x000000008bc00000, 0x000000008bc00000| Untracked 
|  23|0x000000008bd00000, 0x000000008bd00000, 0x000000008be00000|  0%| F|  |TAMS 0x000000008bd00000, 0x000000008bd00000| Untracked 
|  24|0x000000008be00000, 0x000000008be00000, 0x000000008bf00000|  0%| F|  |TAMS 0x000000008be00000, 0x000000008be00000| Untracked 
|  25|0x000000008bf00000, 0x000000008bf00000, 0x000000008c000000|  0%| F|  |TAMS 0x000000008bf00000, 0x000000008bf00000| Untracked 
|  26|0x000000008c000000, 0x000000008c000000, 0x000000008c100000|  0%| F|  |TAMS 0x000000008c000000, 0x000000008c000000| Untracked 
|  27|0x000000008c100000, 0x000000008c100000, 0x000000008c200000|  0%| F|  |TAMS 0x000000008c100000, 0x000000008c100000| Untracked 
|  28|0x000000008c200000, 0x000000008c200000, 0x000000008c300000|  0%| F|  |TAMS 0x000000008c200000, 0x000000008c200000| Untracked 
|  29|0x000000008c300000, 0x000000008c300000, 0x000000008c400000|  0%| F|  |TAMS 0x000000008c300000, 0x000000008c300000| Untracked 
|  30|0x000000008c400000, 0x000000008c400000, 0x000000008c500000|  0%| F|  |TAMS 0x000000008c400000, 0x000000008c400000| Untracked 
|  31|0x000000008c500000, 0x000000008c500000, 0x000000008c600000|  0%| F|  |TAMS 0x000000008c500000, 0x000000008c500000| Untracked 
|  32|0x000000008c600000, 0x000000008c600000, 0x000000008c700000|  0%| F|  |TAMS 0x000000008c600000, 0x000000008c600000| Untracked 
|  33|0x000000008c700000, 0x000000008c700000, 0x000000008c800000|  0%| F|  |TAMS 0x000000008c700000, 0x000000008c700000| Untracked 
|  34|0x000000008c800000, 0x000000008c800000, 0x000000008c900000|  0%| F|  |TAMS 0x000000008c800000, 0x000000008c800000| Untracked 
|  35|0x000000008c900000, 0x000000008c900000, 0x000000008ca00000|  0%| F|  |TAMS 0x000000008c900000, 0x000000008c900000| Untracked 
|  36|0x000000008ca00000, 0x000000008ca00000, 0x000000008cb00000|  0%| F|  |TAMS 0x000000008ca00000, 0x000000008ca00000| Untracked 
|  37|0x000000008cb00000, 0x000000008cb00000, 0x000000008cc00000|  0%| F|  |TAMS 0x000000008cb00000, 0x000000008cb00000| Untracked 
|  38|0x000000008cc00000, 0x000000008cc00000, 0x000000008cd00000|  0%| F|  |TAMS 0x000000008cc00000, 0x000000008cc00000| Untracked 
|  39|0x000000008cd00000, 0x000000008cd00000, 0x000000008ce00000|  0%| F|  |TAMS 0x000000008cd00000, 0x000000008cd00000| Untracked 
|  40|0x000000008ce00000, 0x000000008ce00000, 0x000000008cf00000|  0%| F|  |TAMS 0x000000008ce00000, 0x000000008ce00000| Untracked 
|  41|0x000000008cf00000, 0x000000008cf00000, 0x000000008d000000|  0%| F|  |TAMS 0x000000008cf00000, 0x000000008cf00000| Untracked 
|  42|0x000000008d000000, 0x000000008d000000, 0x000000008d100000|  0%| F|  |TAMS 0x000000008d000000, 0x000000008d000000| Untracked 
|  43|0x000000008d100000, 0x000000008d100000, 0x000000008d200000|  0%| F|  |TAMS 0x000000008d100000, 0x000000008d100000| Untracked 
|  44|0x000000008d200000, 0x000000008d200000, 0x000000008d300000|  0%| F|  |TAMS 0x000000008d200000, 0x000000008d200000| Untracked 
|  45|0x000000008d300000, 0x000000008d300000, 0x000000008d400000|  0%| F|  |TAMS 0x000000008d300000, 0x000000008d300000| Untracked 
|  46|0x000000008d400000, 0x000000008d400000, 0x000000008d500000|  0%| F|  |TAMS 0x000000008d400000, 0x000000008d400000| Untracked 
|  47|0x000000008d500000, 0x000000008d500000, 0x000000008d600000|  0%| F|  |TAMS 0x000000008d500000, 0x000000008d500000| Untracked 
|  48|0x000000008d600000, 0x000000008d600000, 0x000000008d700000|  0%| F|  |TAMS 0x000000008d600000, 0x000000008d600000| Untracked 
|  49|0x000000008d700000, 0x000000008d700000, 0x000000008d800000|  0%| F|  |TAMS 0x000000008d700000, 0x000000008d700000| Untracked 
|  50|0x000000008d800000, 0x000000008d800000, 0x000000008d900000|  0%| F|  |TAMS 0x000000008d800000, 0x000000008d800000| Untracked 
|  51|0x000000008d900000, 0x000000008d900000, 0x000000008da00000|  0%| F|  |TAMS 0x000000008d900000, 0x000000008d900000| Untracked 
|  52|0x000000008da00000, 0x000000008da00000, 0x000000008db00000|  0%| F|  |TAMS 0x000000008da00000, 0x000000008da00000| Untracked 
|  53|0x000000008db00000, 0x000000008db00000, 0x000000008dc00000|  0%| F|  |TAMS 0x000000008db00000, 0x000000008db00000| Untracked 
|  54|0x000000008dc00000, 0x000000008dc00000, 0x000000008dd00000|  0%| F|  |TAMS 0x000000008dc00000, 0x000000008dc00000| Untracked 
|  55|0x000000008dd00000, 0x000000008dd00000, 0x000000008de00000|  0%| F|  |TAMS 0x000000008dd00000, 0x000000008dd00000| Untracked 
|  56|0x000000008de00000, 0x000000008de00000, 0x000000008df00000|  0%| F|  |TAMS 0x000000008de00000, 0x000000008de00000| Untracked 
|  57|0x000000008df00000, 0x000000008df00000, 0x000000008e000000|  0%| F|  |TAMS 0x000000008df00000, 0x000000008df00000| Untracked 
|  58|0x000000008e000000, 0x000000008e000000, 0x000000008e100000|  0%| F|  |TAMS 0x000000008e000000, 0x000000008e000000| Untracked 
|  59|0x000000008e100000, 0x000000008e100000, 0x000000008e200000|  0%| F|  |TAMS 0x000000008e100000, 0x000000008e100000| Untracked 
|  60|0x000000008e200000, 0x000000008e200000, 0x000000008e300000|  0%| F|  |TAMS 0x000000008e200000, 0x000000008e200000| Untracked 
|  61|0x000000008e300000, 0x000000008e300000, 0x000000008e400000|  0%| F|  |TAMS 0x000000008e300000, 0x000000008e300000| Untracked 
|  62|0x000000008e400000, 0x000000008e400000, 0x000000008e500000|  0%| F|  |TAMS 0x000000008e400000, 0x000000008e400000| Untracked 
|  63|0x000000008e500000, 0x000000008e500000, 0x000000008e600000|  0%| F|  |TAMS 0x000000008e500000, 0x000000008e500000| Untracked 
|  64|0x000000008e600000, 0x000000008e600000, 0x000000008e700000|  0%| F|  |TAMS 0x000000008e600000, 0x000000008e600000| Untracked 
|  65|0x000000008e700000, 0x000000008e700000, 0x000000008e800000|  0%| F|  |TAMS 0x000000008e700000, 0x000000008e700000| Untracked 
|  66|0x000000008e800000, 0x000000008e800000, 0x000000008e900000|  0%| F|  |TAMS 0x000000008e800000, 0x000000008e800000| Untracked 
|  67|0x000000008e900000, 0x000000008e900000, 0x000000008ea00000|  0%| F|  |TAMS 0x000000008e900000, 0x000000008e900000| Untracked 
|  68|0x000000008ea00000, 0x000000008ea00000, 0x000000008eb00000|  0%| F|  |TAMS 0x000000008ea00000, 0x000000008ea00000| Untracked 
|  69|0x000000008eb00000, 0x000000008eb00000, 0x000000008ec00000|  0%| F|  |TAMS 0x000000008eb00000, 0x000000008eb00000| Untracked 
|  70|0x000000008ec00000, 0x000000008ec00000, 0x000000008ed00000|  0%| F|  |TAMS 0x000000008ec00000, 0x000000008ec00000| Untracked 
|  71|0x000000008ed00000, 0x000000008ed00000, 0x000000008ee00000|  0%| F|  |TAMS 0x000000008ed00000, 0x000000008ed00000| Untracked 
|  72|0x000000008ee00000, 0x000000008ee00000, 0x000000008ef00000|  0%| F|  |TAMS 0x000000008ee00000, 0x000000008ee00000| Untracked 
|  73|0x000000008ef00000, 0x000000008ef00000, 0x000000008f000000|  0%| F|  |TAMS 0x000000008ef00000, 0x000000008ef00000| Untracked 
|  74|0x000000008f000000, 0x000000008f000000, 0x000000008f100000|  0%| F|  |TAMS 0x000000008f000000, 0x000000008f000000| Untracked 
|  75|0x000000008f100000, 0x000000008f100000, 0x000000008f200000|  0%| F|  |TAMS 0x000000008f100000, 0x000000008f100000| Untracked 
|  76|0x000000008f200000, 0x000000008f200000, 0x000000008f300000|  0%| F|  |TAMS 0x000000008f200000, 0x000000008f200000| Untracked 
|  77|0x000000008f300000, 0x000000008f300000, 0x000000008f400000|  0%| F|  |TAMS 0x000000008f300000, 0x000000008f300000| Untracked 
|  78|0x000000008f400000, 0x000000008f400000, 0x000000008f500000|  0%| F|  |TAMS 0x000000008f400000, 0x000000008f400000| Untracked 
|  79|0x000000008f500000, 0x000000008f500000, 0x000000008f600000|  0%| F|  |TAMS 0x000000008f500000, 0x000000008f500000| Untracked 
|  80|0x000000008f600000, 0x000000008f600000, 0x000000008f700000|  0%| F|  |TAMS 0x000000008f600000, 0x000000008f600000| Untracked 
|  81|0x000000008f700000, 0x000000008f700000, 0x000000008f800000|  0%| F|  |TAMS 0x000000008f700000, 0x000000008f700000| Untracked 
|  82|0x000000008f800000, 0x000000008f800000, 0x000000008f900000|  0%| F|  |TAMS 0x000000008f800000, 0x000000008f800000| Untracked 
|  83|0x000000008f900000, 0x000000008f900000, 0x000000008fa00000|  0%| F|  |TAMS 0x000000008f900000, 0x000000008f900000| Untracked 
|  84|0x000000008fa00000, 0x000000008fa00000, 0x000000008fb00000|  0%| F|  |TAMS 0x000000008fa00000, 0x000000008fa00000| Untracked 
|  85|0x000000008fb00000, 0x000000008fb00000, 0x000000008fc00000|  0%| F|  |TAMS 0x000000008fb00000, 0x000000008fb00000| Untracked 
|  86|0x000000008fc00000, 0x000000008fc00000, 0x000000008fd00000|  0%| F|  |TAMS 0x000000008fc00000, 0x000000008fc00000| Untracked 
|  87|0x000000008fd00000, 0x000000008fd00000, 0x000000008fe00000|  0%| F|  |TAMS 0x000000008fd00000, 0x000000008fd00000| Untracked 
|  88|0x000000008fe00000, 0x000000008fe00000, 0x000000008ff00000|  0%| F|  |TAMS 0x000000008fe00000, 0x000000008fe00000| Untracked 
|  89|0x000000008ff00000, 0x000000008ff00000, 0x0000000090000000|  0%| F|  |TAMS 0x000000008ff00000, 0x000000008ff00000| Untracked 
|  90|0x0000000090000000, 0x0000000090000000, 0x0000000090100000|  0%| F|  |TAMS 0x0000000090000000, 0x0000000090000000| Untracked 
|  91|0x0000000090100000, 0x0000000090100000, 0x0000000090200000|  0%| F|  |TAMS 0x0000000090100000, 0x0000000090100000| Untracked 
|  92|0x0000000090200000, 0x0000000090300000, 0x0000000090300000|100%| S|CS|TAMS 0x0000000090200000, 0x0000000090200000| Complete 
|  93|0x0000000090300000, 0x0000000090400000, 0x0000000090400000|100%| S|CS|TAMS 0x0000000090300000, 0x0000000090300000| Complete 
|  94|0x0000000090400000, 0x0000000090500000, 0x0000000090500000|100%| S|CS|TAMS 0x0000000090400000, 0x0000000090400000| Complete 
|  95|0x0000000090500000, 0x0000000090500000, 0x0000000090600000|  0%| F|  |TAMS 0x0000000090500000, 0x0000000090500000| Untracked 
|  96|0x0000000090600000, 0x0000000090600000, 0x0000000090700000|  0%| F|  |TAMS 0x0000000090600000, 0x0000000090600000| Untracked 
|  97|0x0000000090700000, 0x0000000090700000, 0x0000000090800000|  0%| F|  |TAMS 0x0000000090700000, 0x0000000090700000| Untracked 
|  98|0x0000000090800000, 0x0000000090800000, 0x0000000090900000|  0%| F|  |TAMS 0x0000000090800000, 0x0000000090800000| Untracked 
|  99|0x0000000090900000, 0x0000000090900000, 0x0000000090a00000|  0%| F|  |TAMS 0x0000000090900000, 0x0000000090900000| Untracked 
| 100|0x0000000090a00000, 0x0000000090a00000, 0x0000000090b00000|  0%| F|  |TAMS 0x0000000090a00000, 0x0000000090a00000| Untracked 
| 101|0x0000000090b00000, 0x0000000090b00000, 0x0000000090c00000|  0%| F|  |TAMS 0x0000000090b00000, 0x0000000090b00000| Untracked 
| 102|0x0000000090c00000, 0x0000000090c00000, 0x0000000090d00000|  0%| F|  |TAMS 0x0000000090c00000, 0x0000000090c00000| Untracked 
| 103|0x0000000090d00000, 0x0000000090d00000, 0x0000000090e00000|  0%| F|  |TAMS 0x0000000090d00000, 0x0000000090d00000| Untracked 
| 104|0x0000000090e00000, 0x0000000090e00000, 0x0000000090f00000|  0%| F|  |TAMS 0x0000000090e00000, 0x0000000090e00000| Untracked 
| 105|0x0000000090f00000, 0x0000000090f00000, 0x0000000091000000|  0%| F|  |TAMS 0x0000000090f00000, 0x0000000090f00000| Untracked 
| 106|0x0000000091000000, 0x00000000910992e0, 0x0000000091100000| 59%| E|  |TAMS 0x0000000091000000, 0x0000000091000000| Complete 
| 107|0x0000000091100000, 0x0000000091200000, 0x0000000091200000|100%| E|CS|TAMS 0x0000000091100000, 0x0000000091100000| Complete 
| 108|0x0000000091200000, 0x0000000091300000, 0x0000000091300000|100%| E|CS|TAMS 0x0000000091200000, 0x0000000091200000| Complete 
| 109|0x0000000091300000, 0x0000000091400000, 0x0000000091400000|100%| E|CS|TAMS 0x0000000091300000, 0x0000000091300000| Complete 
| 110|0x0000000091400000, 0x0000000091500000, 0x0000000091500000|100%| E|CS|TAMS 0x0000000091400000, 0x0000000091400000| Complete 
| 111|0x0000000091500000, 0x0000000091600000, 0x0000000091600000|100%| E|CS|TAMS 0x0000000091500000, 0x0000000091500000| Complete 
| 112|0x0000000091600000, 0x0000000091700000, 0x0000000091700000|100%| E|CS|TAMS 0x0000000091600000, 0x0000000091600000| Complete 
| 113|0x0000000091700000, 0x0000000091800000, 0x0000000091800000|100%| E|CS|TAMS 0x0000000091700000, 0x0000000091700000| Complete 
| 114|0x0000000091800000, 0x0000000091900000, 0x0000000091900000|100%| E|CS|TAMS 0x0000000091800000, 0x0000000091800000| Complete 
| 115|0x0000000091900000, 0x0000000091a00000, 0x0000000091a00000|100%| E|CS|TAMS 0x0000000091900000, 0x0000000091900000| Complete 
| 116|0x0000000091a00000, 0x0000000091b00000, 0x0000000091b00000|100%| E|CS|TAMS 0x0000000091a00000, 0x0000000091a00000| Complete 
| 117|0x0000000091b00000, 0x0000000091c00000, 0x0000000091c00000|100%| E|CS|TAMS 0x0000000091b00000, 0x0000000091b00000| Complete 

Card table byte_map: [0x0000018af0090000,0x0000018af0440000] _byte_map_base: 0x0000018aefc3d000

Marking Bits (Prev, Next): (CMBitMap*) 0x0000018add11f050, (CMBitMap*) 0x0000018add11f090
 Prev Bits: [0x0000018af07f0000, 0x0000018af2558000)
 Next Bits: [0x0000018af2560000, 0x0000018af42c8000)

Polling page: 0x0000018adae10000

Metaspace:

Usage:
  Non-class:     16.87 MB used.
      Class:      2.04 MB used.
       Both:     18.91 MB used.

Virtual space:
  Non-class space:       64.00 MB reserved,      17.06 MB ( 27%) committed,  1 nodes.
      Class space:        1.00 GB reserved,       2.19 MB ( <1%) committed,  1 nodes.
             Both:        1.06 GB reserved,      19.25 MB (  2%) committed. 

Chunk freelists:
   Non-Class:  2.95 MB
       Class:  1.72 MB
        Both:  4.67 MB

MaxMetaspaceSize: unlimited
CompressedClassSpaceSize: 1.00 GB
Initial GC threshold: 21.00 MB
Current GC threshold: 21.00 MB
CDS: off
MetaspaceReclaimPolicy: balanced
 - commit_granule_bytes: 65536.
 - commit_granule_words: 8192.
 - virtual_space_node_default_size: 8388608.
 - enlarge_chunks_in_place: 1.
 - new_chunks_are_fully_committed: 0.
 - uncommit_free_chunks: 1.
 - use_allocation_guard: 0.


Internal statistics:

num_allocs_failed_limit: 0.
num_arena_births: 356.
num_arena_deaths: 0.
num_vsnodes_births: 2.
num_vsnodes_deaths: 0.
num_space_committed: 308.
num_space_uncommitted: 0.
num_chunks_returned_to_freelist: 0.
num_chunks_taken_from_freelist: 700.
num_chunk_merges: 0.
num_chunk_splits: 435.
num_chunks_enlarged: 277.
num_inconsistent_stats: 0.

CodeHeap 'non-profiled nmethods': size=120000Kb used=593Kb max_used=593Kb free=119406Kb
 bounds [0x0000018ae8260000, 0x0000018ae84d0000, 0x0000018aef790000]
CodeHeap 'profiled nmethods': size=120000Kb used=3344Kb max_used=3344Kb free=116655Kb
 bounds [0x0000018ae0d30000, 0x0000018ae1080000, 0x0000018ae8260000]
CodeHeap 'non-nmethods': size=5760Kb used=1272Kb max_used=1290Kb free=4487Kb
 bounds [0x0000018ae0790000, 0x0000018ae0a00000, 0x0000018ae0d30000]
 total_blobs=2181 nmethods=1693 adapters=400
 compilation: enabled
              stopped_count=0, restarted_count=0
 full_count=0

Compilation events (20 events):
Event: 2.133 Thread 0x0000018afb10fe60 1684       3       java.util.regex.Pattern$GroupTail::match (111 bytes)
Event: 2.134 Thread 0x0000018afb10fe60 nmethod 1684 0x0000018ae106d410 code [0x0000018ae106d5e0, 0x0000018ae106d9c8]
Event: 2.137 Thread 0x0000018afb10fe60 1685       3       java.lang.Class::protectionDomain (48 bytes)
Event: 2.138 Thread 0x0000018afb10fe60 nmethod 1685 0x0000018ae106dc10 code [0x0000018ae106de40, 0x0000018ae106e4d8]
Event: 2.144 Thread 0x0000018afb10f480 1686   !   4       java.lang.invoke.MemberName::getMethodType (211 bytes)
Event: 2.150 Thread 0x0000018afb10fe60 1687       3       java.util.stream.AbstractPipeline::sourceSpliterator (265 bytes)
Event: 2.151 Thread 0x0000018afb10fe60 nmethod 1687 0x0000018ae106e710 code [0x0000018ae106e980, 0x0000018ae106f728]
Event: 2.151 Thread 0x0000018afb10fe60 1688   !   3       java.util.concurrent.ConcurrentHashMap::putVal (432 bytes)
Event: 2.151 Thread 0x0000018afb10f480 nmethod 1686 0x0000018ae82f3a90 code [0x0000018ae82f3c40, 0x0000018ae82f4168]
Event: 2.153 Thread 0x0000018afb10fe60 nmethod 1688 0x0000018ae106fc10 code [0x0000018ae106ffa0, 0x0000018ae1071c28]
Event: 2.153 Thread 0x0000018afb10fe60 1689       3       jdk.internal.misc.Unsafe::putIntUnaligned (79 bytes)
Event: 2.153 Thread 0x0000018afb10fe60 nmethod 1689 0x0000018ae1072710 code [0x0000018ae10728e0, 0x0000018ae1072cd8]
Event: 2.154 Thread 0x0000018afb10fe60 1690       3       jdk.internal.misc.Unsafe::putIntUnaligned (14 bytes)
Event: 2.154 Thread 0x0000018afb10fe60 nmethod 1690 0x0000018ae1072d90 code [0x0000018ae1072f40, 0x0000018ae1073198]
Event: 2.159 Thread 0x0000018afb10fe60 1691       3       java.lang.invoke.MethodHandles$Lookup::getDirectMethodNoSecurityManager (18 bytes)
Event: 2.160 Thread 0x0000018afb10fe60 nmethod 1691 0x0000018ae1073290 code [0x0000018ae1073420, 0x0000018ae10735a8]
Event: 2.162 Thread 0x0000018afb10fe60 1692       3       java.util.Collections$UnmodifiableCollection::contains (11 bytes)
Event: 2.162 Thread 0x0000018afb10fe60 nmethod 1692 0x0000018ae1073690 code [0x0000018ae1073840, 0x0000018ae1073a28]
Event: 2.166 Thread 0x0000018afb10fe60 1693       3       java.lang.ThreadLocal::get (38 bytes)
Event: 2.166 Thread 0x0000018afb10fe60 nmethod 1693 0x0000018ae1073b10 code [0x0000018ae1073ce0, 0x0000018ae1074008]

GC Heap History (2 events):
Event: 1.663 GC heap before
{Heap before GC invocations=0 (full 0):
 garbage-first heap   total 120832K, used 23552K [0x000000008a600000, 0x0000000100000000)
  region size 1024K, 23 young (23552K), 0 survivors (0K)
 Metaspace       used 16207K, committed 16576K, reserved 1114112K
  class space    used 1615K, committed 1792K, reserved 1048576K
}
Event: 1.671 GC heap after
{Heap after GC invocations=1 (full 0):
 garbage-first heap   total 120832K, used 5140K [0x000000008a600000, 0x0000000100000000)
  region size 1024K, 3 young (3072K), 3 survivors (3072K)
 Metaspace       used 16207K, committed 16576K, reserved 1114112K
  class space    used 1615K, committed 1792K, reserved 1048576K
}

Deoptimization events (20 events):
Event: 2.079 Thread 0x0000018add0c28f0 DEOPT PACKING pc=0x0000018ae8278628 sp=0x0000007d0d9fd670
Event: 2.079 Thread 0x0000018add0c28f0 DEOPT UNPACKING pc=0x0000018ae07e23a3 sp=0x0000007d0d9fd618 mode 2
Event: 2.116 Thread 0x0000018add0c28f0 Uncommon trap: trap_request=0xffffff45 fr.pc=0x0000018ae82ee8a8 relative=0x00000000000000a8
Event: 2.116 Thread 0x0000018add0c28f0 Uncommon trap: reason=unstable_if action=reinterpret pc=0x0000018ae82ee8a8 method=java.lang.CharacterDataLatin1.isWhitespace(I)Z @ 14 c2
Event: 2.116 Thread 0x0000018add0c28f0 DEOPT PACKING pc=0x0000018ae82ee8a8 sp=0x0000007d0d9fd930
Event: 2.116 Thread 0x0000018add0c28f0 DEOPT UNPACKING pc=0x0000018ae07e23a3 sp=0x0000007d0d9fd8d0 mode 2
Event: 2.150 Thread 0x0000018add0c28f0 Uncommon trap: trap_request=0xffffff45 fr.pc=0x0000018ae82dd040 relative=0x0000000000000e20
Event: 2.150 Thread 0x0000018add0c28f0 Uncommon trap: reason=unstable_if action=reinterpret pc=0x0000018ae82dd040 method=java.util.concurrent.ConcurrentHashMap.putVal(Ljava/lang/Object;Ljava/lang/Object;Z)Ljava/lang/Object; @ 231 c2
Event: 2.150 Thread 0x0000018add0c28f0 DEOPT PACKING pc=0x0000018ae82dd040 sp=0x0000007d0d9fd680
Event: 2.150 Thread 0x0000018add0c28f0 DEOPT UNPACKING pc=0x0000018ae07e23a3 sp=0x0000007d0d9fd610 mode 2
Event: 2.150 Thread 0x0000018add0c28f0 DEOPT PACKING pc=0x0000018ae0e14431 sp=0x0000007d0d9fd9b0
Event: 2.150 Thread 0x0000018add0c28f0 DEOPT UNPACKING pc=0x0000018ae07e2b43 sp=0x0000007d0d9fce08 mode 1
Event: 2.150 Thread 0x0000018add0c28f0 DEOPT PACKING pc=0x0000018ae0e13dd4 sp=0x0000007d0d9fda40
Event: 2.150 Thread 0x0000018add0c28f0 DEOPT UNPACKING pc=0x0000018ae07e2b43 sp=0x0000007d0d9fcef8 mode 1
Event: 2.152 Thread 0x0000018add0c28f0 DEOPT PACKING pc=0x0000018ae0e14431 sp=0x0000007d0d9fd9b0
Event: 2.152 Thread 0x0000018add0c28f0 DEOPT UNPACKING pc=0x0000018ae07e2b43 sp=0x0000007d0d9fce08 mode 1
Event: 2.152 Thread 0x0000018add0c28f0 DEOPT PACKING pc=0x0000018ae0e13dd4 sp=0x0000007d0d9fda40
Event: 2.152 Thread 0x0000018add0c28f0 DEOPT UNPACKING pc=0x0000018ae07e2b43 sp=0x0000007d0d9fcef8 mode 1
Event: 166.969 Thread 0x0000018add0c28f0 DEOPT PACKING pc=0x0000018ae10588cc sp=0x0000007d0d9fcdd0
Event: 166.969 Thread 0x0000018add0c28f0 DEOPT UNPACKING pc=0x0000018ae07e2b43 sp=0x0000007d0d9fc288 mode 0

Classes loaded (20 events):
Event: 2.097 Loading class java/util/regex/Pattern$GroupCurly
Event: 2.097 Loading class java/util/regex/Pattern$GroupCurly done
Event: 2.115 Loading class java/util/Spliterators$2Adapter
Event: 2.115 Loading class java/util/PrimitiveIterator$OfInt
Event: 2.115 Loading class java/util/PrimitiveIterator
Event: 2.115 Loading class java/util/PrimitiveIterator done
Event: 2.115 Loading class java/util/PrimitiveIterator$OfInt done
Event: 2.115 Loading class java/util/Spliterators$2Adapter done
Event: 2.125 Loading class java/util/Collections$SingletonSet
Event: 2.125 Loading class java/util/Collections$SingletonSet done
Event: 2.133 Loading class java/util/regex/Pattern$1
Event: 2.133 Loading class java/util/regex/Pattern$1 done
Event: 2.140 Loading class java/util/TreeMap$Values
Event: 2.140 Loading class java/util/TreeMap$Values done
Event: 2.140 Loading class java/util/TreeMap$ValueIterator
Event: 2.140 Loading class java/util/TreeMap$ValueIterator done
Event: 2.140 Loading class java/util/stream/Streams$RangeIntSpliterator
Event: 2.140 Loading class java/util/stream/Streams$RangeIntSpliterator done
Event: 2.141 Loading class java/util/Tripwire
Event: 2.141 Loading class java/util/Tripwire done

Classes unloaded (0 events):
No events

Classes redefined (0 events):
No events

Internal exceptions (20 events):
Event: 1.688 Thread 0x0000018add0c28f0 Exception <a 'java/lang/NoSuchMethodError'{0x0000000091b489f0}: 'java.lang.Object java.lang.invoke.DirectMethodHandle$Holder.invokeStatic(java.lang.Object, java.lang.Object, int)'> (0x0000000091b489f0) 
thrown [s\src\hotspot\share\interpreter\linkResolver.cpp, line 766]
Event: 1.689 Thread 0x0000018add0c28f0 Exception <a 'java/lang/NoSuchMethodError'{0x0000000091b53750}: 'void java.lang.invoke.DelegatingMethodHandle$Holder.delegate(java.lang.Object, java.lang.Object, int, java.lang.Object)'> (0x0000000091b53750) 
thrown [s\src\hotspot\share\interpreter\linkResolver.cpp, line 766]
Event: 1.717 Thread 0x0000018add0c28f0 Exception <a 'java/lang/NoSuchMethodError'{0x0000000091a16e20}: 'java.lang.Object java.lang.invoke.DirectMethodHandle$Holder.newInvokeSpecial(java.lang.Object, java.lang.Object, java.lang.Object, java.lang.Object, java.lang.Object, java.lang.Object)'> (0x0000000091a16e20) 
thrown [s\src\hotspot\share\interpreter\linkResolver.cpp, line 766]
Event: 1.720 Thread 0x0000018add0c28f0 Exception <a 'java/lang/NoSuchMethodError'{0x0000000091a23e08}: 'void java.lang.invoke.DirectMethodHandle$Holder.invokeStaticInit(java.lang.Object)'> (0x0000000091a23e08) 
thrown [s\src\hotspot\share\interpreter\linkResolver.cpp, line 766]
Event: 1.729 Thread 0x0000018add0c28f0 Exception <a 'java/lang/NoSuchMethodError'{0x0000000091a3d968}: 'java.lang.Object java.lang.invoke.DirectMethodHandle$Holder.invokeSpecialIFC(java.lang.Object, java.lang.Object, java.lang.Object, java.lang.Object, java.lang.Object)'> (0x0000000091a3d968) 
thrown [s\src\hotspot\share\interpreter\linkResolver.cpp, line 766]
Event: 1.863 Thread 0x0000018add0c28f0 Exception <a 'sun/nio/fs/WindowsException'{0x00000000917af778}> (0x00000000917af778) 
thrown [s\src\hotspot\share\prims\jni.cpp, line 516]
Event: 1.882 Thread 0x0000018add0c28f0 Exception <a 'java/lang/NoSuchMethodError'{0x00000000917c6a98}: 'void java.lang.invoke.DirectMethodHandle$Holder.invokeSpecial(java.lang.Object, java.lang.Object, java.lang.Object, java.lang.Object, java.lang.Object)'> (0x00000000917c6a98) 
thrown [s\src\hotspot\share\interpreter\linkResolver.cpp, line 766]
Event: 1.926 Thread 0x0000018add0c28f0 Exception <a 'java/lang/IncompatibleClassChangeError'{0x0000000091666a00}: Found class java.lang.Object, but interface was expected> (0x0000000091666a00) 
thrown [s\src\hotspot\share\interpreter\linkResolver.cpp, line 833]
Event: 1.929 Thread 0x0000018add0c28f0 Exception <a 'java/lang/NoSuchMethodError'{0x000000009167ab80}: 'int java.lang.invoke.DirectMethodHandle$Holder.invokeSpecialIFC(java.lang.Object, java.lang.Object, java.lang.Object, java.lang.Object)'> (0x000000009167ab80) 
thrown [s\src\hotspot\share\interpreter\linkResolver.cpp, line 766]
Event: 1.961 Thread 0x0000018add0c28f0 Exception <a 'java/lang/NoSuchMethodError'{0x000000009152c620}: 'long java.lang.invoke.DelegatingMethodHandle$Holder.reinvoke_L(java.lang.Object, java.lang.Object)'> (0x000000009152c620) 
thrown [s\src\hotspot\share\interpreter\linkResolver.cpp, line 766]
Event: 1.962 Thread 0x0000018add0c28f0 Exception <a 'java/lang/NoSuchMethodError'{0x0000000091536ba8}: 'void java.lang.invoke.DelegatingMethodHandle$Holder.reinvoke_L(java.lang.Object, java.lang.Object, long)'> (0x0000000091536ba8) 
thrown [s\src\hotspot\share\interpreter\linkResolver.cpp, line 766]
Event: 1.962 Thread 0x0000018add0c28f0 Exception <a 'java/lang/NoSuchMethodError'{0x000000009153dab0}: 'long java.lang.invoke.Invokers$Holder.invokeExact_MT(java.lang.Object, java.lang.Object, java.lang.Object)'> (0x000000009153dab0) 
thrown [s\src\hotspot\share\interpreter\linkResolver.cpp, line 766]
Event: 1.965 Thread 0x0000018add0c28f0 Exception <a 'java/lang/NoSuchMethodError'{0x0000000091545690}: 'void java.lang.invoke.DirectMethodHandle$Holder.invokeVirtual(java.lang.Object, java.lang.Object, java.lang.Object, java.lang.Object)'> (0x0000000091545690) 
thrown [s\src\hotspot\share\interpreter\linkResolver.cpp, line 766]
Event: 1.966 Thread 0x0000018add0c28f0 Exception <a 'java/lang/NoSuchMethodError'{0x0000000091558120}: 'java.lang.Object java.lang.invoke.Invokers$Holder.invokeExact_MT(java.lang.Object, java.lang.Object, java.lang.Object, java.lang.Object, java.lang.Object)'> (0x0000000091558120) 
thrown [s\src\hotspot\share\interpreter\linkResolver.cpp, line 766]
Event: 2.108 Thread 0x0000018add0c28f0 Exception <a 'java/lang/NoSuchMethodError'{0x00000000912c1170}: 'java.lang.Object java.lang.invoke.DirectMethodHandle$Holder.invokeStaticInit(java.lang.Object, java.lang.Object, java.lang.Object, int)'> (0x00000000912c1170) 
thrown [s\src\hotspot\share\interpreter\linkResolver.cpp, line 766]
Event: 2.111 Thread 0x0000018add0c28f0 Exception <a 'java/lang/NoSuchMethodError'{0x00000000912cfec0}: 'java.lang.Object java.lang.invoke.DirectMethodHandle$Holder.invokeStatic(java.lang.Object, java.lang.Object, java.lang.Object, java.lang.Object, java.lang.Object, java.lang.Object, java.lang.Object, int)'> (0x00000000912cfec0) 
thrown [s\src\hotspot\share\interpreter\linkResolver.cpp, line 766]
Event: 2.111 Thread 0x0000018add0c28f0 Exception <a 'java/lang/NoSuchMethodError'{0x00000000912d4a30}: 'java.lang.Object java.lang.invoke.DirectMethodHandle$Holder.invokeStaticInit(java.lang.Object, java.lang.Object, java.lang.Object, java.lang.Object, java.lang.Object, java.lang.Object, java.lang.Object, int)'> (0x00000000912d4a30) 
thrown [s\src\hotspot\share\interpreter\linkResolver.cpp, line 766]
Event: 2.127 Thread 0x0000018add0c28f0 Exception <a 'java/lang/NoSuchMethodError'{0x000000009112f4d0}: 'java.lang.Object java.lang.invoke.DirectMethodHandle$Holder.newInvokeSpecial(java.lang.Object, java.lang.Object, java.lang.Object, int)'> (0x000000009112f4d0) 
thrown [s\src\hotspot\share\interpreter\linkResolver.cpp, line 766]
Event: 2.127 Thread 0x0000018add0c28f0 Exception <a 'java/lang/NoSuchMethodError'{0x00000000911336d8}: 'java.lang.Object java.lang.invoke.DirectMethodHandle$Holder.invokeSpecial(java.lang.Object, java.lang.Object, java.lang.Object, java.lang.Object, int)'> (0x00000000911336d8) 
thrown [s\src\hotspot\share\interpreter\linkResolver.cpp, line 766]
Event: 2.127 Thread 0x0000018add0c28f0 Exception <a 'java/lang/NoSuchMethodError'{0x00000000911372a0}: 'java.lang.Object java.lang.invoke.Invokers$Holder.linkToTargetMethod(java.lang.Object, java.lang.Object, int, java.lang.Object)'> (0x00000000911372a0) 
thrown [s\src\hotspot\share\interpreter\linkResolver.cpp, line 766]

VM Operations (20 events):
Event: 167.736 Executing VM operation: get/set locals
Event: 167.736 Executing VM operation: get/set locals done
Event: 167.737 Executing VM operation: get/set locals
Event: 167.737 Executing VM operation: get/set locals done
Event: 167.737 Executing VM operation: get/set locals
Event: 167.738 Executing VM operation: get/set locals done
Event: 167.740 Executing VM operation: get/set locals
Event: 167.740 Executing VM operation: get/set locals done
Event: 167.741 Executing VM operation: get/set locals
Event: 167.741 Executing VM operation: get/set locals done
Event: 167.742 Executing VM operation: get/set locals
Event: 167.742 Executing VM operation: get/set locals done
Event: 167.743 Executing VM operation: get/set locals
Event: 167.743 Executing VM operation: get/set locals done
Event: 167.743 Executing VM operation: get/set locals
Event: 167.744 Executing VM operation: get/set locals done
Event: 167.744 Executing VM operation: get/set locals
Event: 167.744 Executing VM operation: get/set locals done
Event: 167.745 Executing VM operation: get/set locals
Event: 167.745 Executing VM operation: get/set locals done

Events (20 events):
Event: 0.107 Thread 0x0000018af6f74420 Thread added: 0x0000018af6f74420
Event: 0.107 Thread 0x0000018af6f74dc0 Thread added: 0x0000018af6f74dc0
Event: 0.107 Thread 0x0000018afb10ad00 Thread added: 0x0000018afb10ad00
Event: 0.107 Thread 0x0000018afb10b2b0 Thread added: 0x0000018afb10b2b0
Event: 0.107 Thread 0x0000018afb10f480 Thread added: 0x0000018afb10f480
Event: 0.107 Thread 0x0000018afb10fe60 Thread added: 0x0000018afb10fe60
Event: 0.108 Thread 0x0000018afb141010 Thread added: 0x0000018afb141010
Event: 0.290 Thread 0x0000018afb2c15d0 Thread added: 0x0000018afb2c15d0
Event: 0.290 Thread 0x0000018afb2c2080 Thread added: 0x0000018afb2c2080
Event: 0.291 Thread 0x0000018afb2c6910 Thread added: 0x0000018afb2c6910
Event: 0.387 Thread 0x0000018afb2cc710 Thread added: 0x0000018afb2cc710
Event: 0.399 Thread 0x0000018afb2d5cb0 Thread added: 0x0000018afb2d5cb0
Event: 0.415 Loaded shared library C:\Users\Sayli\.p2\pool\plugins\org.eclipse.justj.openjdk.hotspot.jre.full.win32.x86_64_18.0.1.v20220515-1614\jre\bin\net.dll
Event: 0.418 Loaded shared library C:\Users\Sayli\.p2\pool\plugins\org.eclipse.justj.openjdk.hotspot.jre.full.win32.x86_64_18.0.1.v20220515-1614\jre\bin\nio.dll
Event: 0.430 Loaded shared library C:\Users\Sayli\.p2\pool\plugins\org.eclipse.justj.openjdk.hotspot.jre.full.win32.x86_64_18.0.1.v20220515-1614\jre\bin\zip.dll
Event: 0.679 Loaded shared library C:\Users\Sayli\.p2\pool\plugins\org.eclipse.justj.openjdk.hotspot.jre.full.win32.x86_64_18.0.1.v20220515-1614\jre\bin\jimage.dll
Event: 0.699 Thread 0x0000018afbc0e070 Thread added: 0x0000018afbc0e070
Event: 0.782 Loaded shared library C:\Users\Sayli\.p2\pool\plugins\org.eclipse.justj.openjdk.hotspot.jre.full.win32.x86_64_18.0.1.v20220515-1614\jre\bin\verify.dll
Event: 0.901 Thread 0x0000018afbe7d220 Thread added: 0x0000018afbe7d220
Event: 7.177 Thread 0x0000018afbc0e070 Thread exited: 0x0000018afbc0e070


Dynamic libraries:
0x00007ff6f1c60000 - 0x00007ff6f1c6e000 	C:\Users\Sayli\.p2\pool\plugins\org.eclipse.justj.openjdk.hotspot.jre.full.win32.x86_64_18.0.1.v20220515-1614\jre\bin\javaw.exe
0x00007ffd992a0000 - 0x00007ffd994a9000 	C:\windows\SYSTEM32\ntdll.dll
0x00007ffd97a40000 - 0x00007ffd97afe000 	C:\windows\System32\KERNEL32.DLL
0x00007ffd96da0000 - 0x00007ffd9711b000 	C:\windows\System32\KERNELBASE.dll
0x00007ffd96b70000 - 0x00007ffd96c81000 	C:\windows\System32\ucrtbase.dll
0x00007ffd911b0000 - 0x00007ffd911c7000 	C:\Users\Sayli\.p2\pool\plugins\org.eclipse.justj.openjdk.hotspot.jre.full.win32.x86_64_18.0.1.v20220515-1614\jre\bin\jli.dll
0x00007ffd91190000 - 0x00007ffd911a9000 	C:\Users\Sayli\.p2\pool\plugins\org.eclipse.justj.openjdk.hotspot.jre.full.win32.x86_64_18.0.1.v20220515-1614\jre\bin\VCRUNTIME140.dll
0x00007ffd99090000 - 0x00007ffd9923d000 	C:\windows\System32\USER32.dll
0x00007ffd96a80000 - 0x00007ffd96aa6000 	C:\windows\System32\win32u.dll
0x00007ffd7e730000 - 0x00007ffd7e9d5000 	C:\windows\WinSxS\amd64_microsoft.windows.common-controls_6595b64144ccf1df_6.0.22000.120_none_9d947278b86cc467\COMCTL32.dll
0x00007ffd97680000 - 0x00007ffd976a9000 	C:\windows\System32\GDI32.dll
0x00007ffd97c40000 - 0x00007ffd97ce3000 	C:\windows\System32\msvcrt.dll
0x00007ffd967f0000 - 0x00007ffd96908000 	C:\windows\System32\gdi32full.dll
0x00007ffd96c90000 - 0x00007ffd96d2d000 	C:\windows\System32\msvcp_win.dll
0x00007ffd97a00000 - 0x00007ffd97a32000 	C:\windows\System32\IMM32.DLL
0x00007ffd92900000 - 0x00007ffd9290c000 	C:\Users\Sayli\.p2\pool\plugins\org.eclipse.justj.openjdk.hotspot.jre.full.win32.x86_64_18.0.1.v20220515-1614\jre\bin\vcruntime140_1.dll
0x00007ffd7d3f0000 - 0x00007ffd7d481000 	C:\Users\Sayli\.p2\pool\plugins\org.eclipse.justj.openjdk.hotspot.jre.full.win32.x86_64_18.0.1.v20220515-1614\jre\bin\msvcp140.dll
0x00007ffd09120000 - 0x00007ffd09da9000 	C:\Users\Sayli\.p2\pool\plugins\org.eclipse.justj.openjdk.hotspot.jre.full.win32.x86_64_18.0.1.v20220515-1614\jre\bin\server\jvm.dll
0x00007ffd974a0000 - 0x00007ffd9754e000 	C:\windows\System32\ADVAPI32.dll
0x00007ffd980c0000 - 0x00007ffd9815e000 	C:\windows\System32\sechost.dll
0x00007ffd98250000 - 0x00007ffd98370000 	C:\windows\System32\RPCRT4.dll
0x00007ffd97de0000 - 0x00007ffd97de8000 	C:\windows\System32\PSAPI.DLL
0x00007ffd91ec0000 - 0x00007ffd91ef3000 	C:\windows\SYSTEM32\WINMM.dll
0x00007ffd6c730000 - 0x00007ffd6c739000 	C:\windows\SYSTEM32\WSOCK32.dll
0x00007ffd98050000 - 0x00007ffd980bf000 	C:\windows\System32\WS2_32.dll
0x00007ffd8fde0000 - 0x00007ffd8fdea000 	C:\windows\SYSTEM32\VERSION.dll
0x00007ffd957c0000 - 0x00007ffd957d8000 	C:\windows\SYSTEM32\kernel.appcore.dll
0x00007ffd69a80000 - 0x00007ffd69a8a000 	C:\Users\Sayli\.p2\pool\plugins\org.eclipse.justj.openjdk.hotspot.jre.full.win32.x86_64_18.0.1.v20220515-1614\jre\bin\jimage.dll
0x00007ffd88400000 - 0x00007ffd88621000 	C:\windows\SYSTEM32\DBGHELP.DLL
0x00007ffd880d0000 - 0x00007ffd88101000 	C:\windows\SYSTEM32\dbgcore.DLL
0x00007ffd96770000 - 0x00007ffd967ef000 	C:\windows\System32\bcryptPrimitives.dll
0x00007ffd89c60000 - 0x00007ffd89c9b000 	C:\Users\Sayli\.p2\pool\plugins\org.eclipse.justj.openjdk.hotspot.jre.full.win32.x86_64_18.0.1.v20220515-1614\jre\bin\jdwp.dll
0x00007ffd0a190000 - 0x00007ffd0a1b5000 	C:\Users\Sayli\.p2\pool\plugins\org.eclipse.justj.openjdk.hotspot.jre.full.win32.x86_64_18.0.1.v20220515-1614\jre\bin\java.dll
0x00007ffd09100000 - 0x00007ffd09118000 	C:\Users\Sayli\.p2\pool\plugins\org.eclipse.justj.openjdk.hotspot.jre.full.win32.x86_64_18.0.1.v20220515-1614\jre\bin\zip.dll
0x00007ffd98460000 - 0x00007ffd98c18000 	C:\windows\System32\SHELL32.dll
0x00007ffd94820000 - 0x00007ffd95085000 	C:\windows\SYSTEM32\windows.storage.dll
0x00007ffd97120000 - 0x00007ffd97498000 	C:\windows\System32\combase.dll
0x00007ffd946b0000 - 0x00007ffd94816000 	C:\windows\SYSTEM32\wintypes.dll
0x00007ffd97cf0000 - 0x00007ffd97dda000 	C:\windows\System32\SHCORE.dll
0x00007ffd97b00000 - 0x00007ffd97b5d000 	C:\windows\System32\shlwapi.dll
0x00007ffd966a0000 - 0x00007ffd966c1000 	C:\windows\SYSTEM32\profapi.dll
0x00007ffd92750000 - 0x00007ffd9275c000 	C:\Users\Sayli\.p2\pool\plugins\org.eclipse.justj.openjdk.hotspot.jre.full.win32.x86_64_18.0.1.v20220515-1614\jre\bin\dt_socket.dll
0x00007ffd952d0000 - 0x00007ffd952fd000 	C:\windows\SYSTEM32\IPHLPAPI.DLL
0x00007ffd95c60000 - 0x00007ffd95cc7000 	C:\windows\system32\mswsock.dll
0x00007ffd95300000 - 0x00007ffd953e8000 	C:\windows\SYSTEM32\DNSAPI.dll
0x00007ffd98040000 - 0x00007ffd98049000 	C:\windows\System32\NSI.dll
0x0000000072e90000 - 0x0000000072ec5000 	c:\Program Files\Bonjour\mdnsNSP.dll
0x00007ffd90fa0000 - 0x00007ffd90faa000 	C:\Windows\System32\rasadhlp.dll
0x00007ffd90e00000 - 0x00007ffd90e81000 	C:\windows\System32\fwpuclnt.dll
0x00007ffd090e0000 - 0x00007ffd090f3000 	C:\Users\Sayli\.p2\pool\plugins\org.eclipse.justj.openjdk.hotspot.jre.full.win32.x86_64_18.0.1.v20220515-1614\jre\bin\net.dll
0x00007ffd929a0000 - 0x00007ffd92ab4000 	C:\windows\SYSTEM32\WINHTTP.dll
0x00007ffd090c0000 - 0x00007ffd090d6000 	C:\Users\Sayli\.p2\pool\plugins\org.eclipse.justj.openjdk.hotspot.jre.full.win32.x86_64_18.0.1.v20220515-1614\jre\bin\nio.dll
0x00007ffd91080000 - 0x00007ffd91090000 	C:\Users\Sayli\.p2\pool\plugins\org.eclipse.justj.openjdk.hotspot.jre.full.win32.x86_64_18.0.1.v20220515-1614\jre\bin\verify.dll
0x00007ffd95ed0000 - 0x00007ffd95ee8000 	C:\windows\SYSTEM32\CRYPTSP.dll
0x00007ffd95710000 - 0x00007ffd95745000 	C:\windows\system32\rsaenh.dll
0x00007ffd95d80000 - 0x00007ffd95da9000 	C:\windows\SYSTEM32\USERENV.dll
0x00007ffd960d0000 - 0x00007ffd960f7000 	C:\windows\SYSTEM32\bcrypt.dll
0x00007ffd95ef0000 - 0x00007ffd95efc000 	C:\windows\SYSTEM32\CRYPTBASE.dll
0x00007ffd92110000 - 0x00007ffd92129000 	C:\windows\SYSTEM32\dhcpcsvc6.DLL
0x00007ffd922c0000 - 0x00007ffd922de000 	C:\windows\SYSTEM32\dhcpcsvc.DLL

dbghelp: loaded successfully - version: 4.0.5 - missing functions: none
symbol engine: initialized successfully - sym options: 0x614 - pdb path: .;C:\Users\Sayli\.p2\pool\plugins\org.eclipse.justj.openjdk.hotspot.jre.full.win32.x86_64_18.0.1.v20220515-1614\jre\bin;C:\windows\SYSTEM32;C:\windows\WinSxS\amd64_microsoft.windows.common-controls_6595b64144ccf1df_6.0.22000.120_none_9d947278b86cc467;C:\Users\Sayli\.p2\pool\plugins\org.eclipse.justj.openjdk.hotspot.jre.full.win32.x86_64_18.0.1.v20220515-1614\jre\bin\server;c:\Program Files\Bonjour

VM Arguments:
jvm_args: -XX:+ShowCodeDetailsInExceptionMessages -agentlib:jdwp=transport=dt_socket,suspend=y,address=localhost:63807 -ea -Dfile.encoding=UTF-8 
java_command: org.testng.remote.RemoteTestNG -serport 63806 -protocol json -d C:\Users\Sayli\eclipse-cucumberFramework_Practice\Automation\test-output C:\Users\Sayli\AppData\Local\Temp\testng-eclipse-1046544308\testng-customsuite.xml
java_class_path (initial): C:\Users\Sayli\eclipse\java-2022-03\eclipse\configuration\org.eclipse.osgi\435\0\.cp\lib\testng-remote.jar;C:\Users\Sayli\eclipse-cucumberFramework_Practice\Automation\target\test-classes;C:\Users\Sayli\eclipse-cucumberFramework_Practice\Automation\target\classes;C:\Users\Sayli\.m2\repository\io\cucumber\cucumber-java\7.9.0\cucumber-java-7.9.0.jar;C:\Users\Sayli\.m2\repository\io\cucumber\cucumber-core\7.9.0\cucumber-core-7.9.0.jar;C:\Users\Sayli\.m2\repository\io\cucumber\cucumber-gherkin\7.9.0\cucumber-gherkin-7.9.0.jar;C:\Users\Sayli\.m2\repository\io\cucumber\cucumber-gherkin-messages\7.9.0\cucumber-gherkin-messages-7.9.0.jar;C:\Users\Sayli\.m2\repository\io\cucumber\gherkin\24.1.0\gherkin-24.1.0.jar;C:\Users\Sayli\.m2\repository\io\cucumber\messages\19.1.4\messages-19.1.4.jar;C:\Users\Sayli\.m2\repository\io\cucumber\tag-expressions\4.1.0\tag-expressions-4.1.0.jar;C:\Users\Sayli\.m2\repository\io\cucumber\cucumber-expressions\16.0.0\cucumber-expressions-16.0.0.jar;C:\Users\Sayli\.m2\repository\io\cucumber\datatable\7.9.0\datatable-7.9.0.jar;C:\Users\Sayli\.m2\repository\io\cucumber\cucumber-plugin\7.9.0\cucumber-plugin-7.9.0.jar;C:\Users\Sayli\.m2\repository\io\cucumber\docstring\7.9.0\docstring-7.9.0.jar;C:\Users\Sayli\.m2\repository\io\cucumber\html-formatter\20.1.0\html-formatter-20.1.0.jar;C:\Users\Sayli\.m2\repository\io\cucumber\ci-environment\9.1.0\ci-environment-9.1.0.jar;C:\Users\Sayli\.m2\repository\org\apiguardian\apiguardian-api\1.1.2\apiguardian-api-1.1.2.jar;C:\Users\Sayli\.m2\repository\io\cucumber\cucumber-picocontainer\7.9.0\cucumber-picocontainer-7.9.0.jar;C:\Users\Sayli\.m2\repository\org\picocontainer\picocontainer\2.15\picocontainer-2.15.jar;C:\Users\Sayli\.m2\repository\io\cucumber\cucumber-junit\7.9.0\cucumber-junit-7.9.0.jar;C:\Users\Sayli\.m2\repository\junit\junit\4.13.2\junit-4.13.2.jar;C:\Users\Sayli\.m2\repository\org\hamcrest\hamcrest-core\1.3\hamcrest-core-1.3.jar;C:\Users\Sayli\.m2\repository\io\cucumber\cucumber-testng\7.9.0\cucumber-testng-7.9.0.jar;C:\Users\Sayli\.m2\repository\org\testng\testng\7.6.1\testng-7.6.1.jar;C:\Users\Sayli\.m2\repository\com\google\code\findbugs\jsr305\3.0.2\jsr305-3.0.2.jar;C:\Users\Sayli\.m2\repository\org\slf4j\slf4j-api\1.7.36\slf4j-api-1.7.36.jar;C:\Users\Sayli\.m2\repository\com\beust\jcommander\1.82\jcommander-1.82.jar;C:\Users\Sayli\.m2\repository\org\webjars\jquery\3.6.0\jquery-3.6.0.jar;C:\Users\Sayli\.m2\repository\org\seleniumhq\selenium\selenium-java\4.6.0\selenium-java-4.6.0.jar;C:\Users\Sayli\.m2\repository\org\seleniumhq\selenium\selenium-api\4.6.0\selenium-api-4.6.0.jar;C:\Users\Sayli\.m2\repository\org\seleniumhq\selenium\selenium-chrome-driver\4.6.0\selenium-chrome-driver-4.6.0.jar;C:\Users\Sayli\.m2\repository\com\google\auto\service\auto-service-annotations\1.0.1\auto-service-annotations-1.0.1.jar;C:\Users\Sayli\.m2\repository\com\google\auto\service\auto-service\1.0.1\auto-service-1.0.1.jar;C:\Users\Sayli\.m2\repository\com\google\auto\auto-common\1.2\auto-common-1.2.jar;C:\Users\Sayli\.m2\repository\com\google\guava\guava\31.1-jre\guava-31.1-jre.jar;C:\Users\Sayli\.m2\repository\com\google\guava\failureaccess\1.0.1\failureaccess-1.0.1.jar;C:\Users\Sayli\.m2\repository\com\google\guava\listenablefuture\9999.0-empty-to-avoid-conflict-with-guava\listenablefuture-9999.0-empty-to-avoid-conflict-with-guava.jar;C:\Users\Sayli\.m2\repository\org\checkerframework\checker-qual\3.12.0\checker-qual-3.12.0.jar;C:\Users\Sayli\.m2\repository\com\google\errorprone\error_prone_annotations\2.11.0\error_prone_annotations-2.11.0.jar;C:\Users\Sayli\.m2\repository\com\google\j2objc\j2objc-annotations\1.3\j2objc-annotations-1.3.jar;C:\Users\Sayli\.m2\repository\org\seleniumhq\selenium\selenium-chromium-driver\4.6.0\selenium-chromium-driver-4.6.0.jar;C:\Users\Sayli\.m2\repository\org\seleniumhq\selenium\selenium-json\4.6.0\selenium-json-4.6.0.jar;C:\Users\Sayli\.m2\repository\org\seleniumhq\selenium\selenium-devtools-v105\4.6.0\selenium-devtools-v105-4.6.0.jar;C:\Users\Sayli\.m2\repository\org\seleniumhq\selenium\selenium-devtools-v106\4.6.0\selenium-devtools-v106-4.6.0.jar;C:\Users\Sayli\.m2\repository\org\seleniumhq\selenium\selenium-devtools-v107\4.6.0\selenium-devtools-v107-4.6.0.jar;C:\Users\Sayli\.m2\repository\org\seleniumhq\selenium\selenium-devtools-v85\4.6.0\selenium-devtools-v85-4.6.0.jar;C:\Users\Sayli\.m2\repository\org\seleniumhq\selenium\selenium-edge-driver\4.6.0\selenium-edge-driver-4.6.0.jar;C:\Users\Sayli\.m2\repository\org\seleniumhq\selenium\selenium-firefox-driver\4.6.0\selenium-firefox-driver-4.6.0.jar;C:\Users\Sayli\.m2\repository\org\seleniumhq\selenium\selenium-ie-driver\4.6.0\selenium-ie-driver-4.6.0.jar;C:\Users\Sayli\.m2\repository\org\seleniumhq\selenium\selenium-remote-driver\4.6.0\selenium-remote-driver-4.6.0.jar;C:\Users\Sayli\.m2\repository\io\netty\netty-buffer\4.1.84.Final\netty-buffer-4.1.84.Final.jar;C:\Users\Sayli\.m2\repository\io\netty\netty-codec-http\4.1.84.Final\netty-codec-http-4.1.84.Final.jar;C:\Users\Sayli\.m2\repository\io\netty\netty-codec\4.1.84.Final\netty-codec-4.1.84.Final.jar;C:\Users\Sayli\.m2\repository\io\netty\netty-handler\4.1.84.Final\netty-handler-4.1.84.Final.jar;C:\Users\Sayli\.m2\repository\io\netty\netty-common\4.1.84.Final\netty-common-4.1.84.Final.jar;C:\Users\Sayli\.m2\repository\io\netty\netty-transport-classes-epoll\4.1.84.Final\netty-transport-classes-epoll-4.1.84.Final.jar;C:\Users\Sayli\.m2\repository\io\netty\netty-transport-classes-kqueue\4.1.84.Final\netty-transport-classes-kqueue-4.1.84.Final.jar;C:\Users\Sayli\.m2\repository\io\netty\netty-transport-native-epoll\4.1.84.Final\netty-transport-native-epoll-4.1.84.Final.jar;C:\Users\Sayli\.m2\repository\io\netty\netty-transport-native-kqueue\4.1.84.Final\netty-transport-native-kqueue-4.1.84.Final.jar;C:\Users\Sayli\.m2\repository\io\netty\netty-transport-native-unix-common\4.1.84.Final\netty-transport-native-unix-common-4.1.84.Final.jar;C:\Users\Sayli\.m2\repository\io\netty\netty-transport\4.1.84.Final\netty-transport-4.1.84.Final.jar;C:\Users\Sayli\.m2\repository\io\netty\netty-resolver\4.1.84.Final\netty-resolver-4.1.84.Final.jar;C:\Users\Sayli\.m2\repository\io\opentelemetry\opentelemetry-api\1.19.0\opentelemetry-api-1.19.0.jar;C:\Users\Sayli\.m2\repository\io\opentelemetry\opentelemetry-context\1.19.0\opentelemetry-context-1.19.0.jar;C:\Users\Sayli\.m2\repository\io\opentelemetry\opentelemetry-exporter-logging\1.19.0\opentelemetry-exporter-logging-1.19.0.jar;C:\Users\Sayli\.m2\repository\io\opentelemetry\opentelemetry-sdk-metrics\1.19.0\opentelemetry-sdk-metrics-1.19.0.jar;C:\Users\Sayli\.m2\repository\io\opentelemetry\opentelemetry-sdk-logs\1.19.0-alpha\opentelemetry-sdk-logs-1.19.0-alpha.jar;C:\Users\Sayli\.m2\repository\io\opentelemetry\opentelemetry-api-logs\1.19.0-alpha\opentelemetry-api-logs-1.19.0-alpha.jar;C:\Users\Sayli\.m2\repository\io\opentelemetry\opentelemetry-sdk-common\1.19.0\opentelemetry-sdk-common-1.19.0.jar;C:\Users\Sayli\.m2\repository\io\opentelemetry\opentelemetry-sdk-extension-autoconfigure-spi\1.19.0\opentelemetry-sdk-extension-autoconfigure-spi-1.19.0.jar;C:\Users\Sayli\.m2\repository\io\opentelemetry\opentelemetry-sdk-extension-autoconfigure\1.19.0-alpha\opentelemetry-sdk-extension-autoconfigure-1.19.0-alpha.jar;C:\Users\Sayli\.m2\repository\io\opentelemetry\opentelemetry-exporter-common\1.19.0\opentelemetry-exporter-common-1.19.0.jar;C:\Users\Sayli\.m2\repository\io\opentelemetry\opentelemetry-sdk-trace\1.19.0\opentelemetry-sdk-trace-1.19.0.jar;C:\Users\Sayli\.m2\repository\io\opentelemetry\opentelemetry-sdk\1.19.0\opentelemetry-sdk-1.19.0.jar;C:\Users\Sayli\.m2\repository\io\opentelemetry\opentelemetry-semconv\1.19.0-alpha\opentelemetry-semconv-1.19.0-alpha.jar;C:\Users\Sayli\.m2\repository\io\ous\jtoml\2.0.0\jtoml-2.0.0.jar;C:\Users\Sayli\.m2\repository\net\bytebuddy\byte-buddy\1.12.18\byte-buddy-1.12.18.jar;C:\Users\Sayli\.m2\repository\org\apache\commons\commons-exec\1.3\commons-exec-1.3.jar;C:\Users\Sayli\.m2\repository\org\asynchttpclient\async-http-client\2.12.3\async-http-client-2.12.3.jar;C:\Users\Sayli\.m2\repository\org\asynchttpclient\async-http-client-netty-utils\2.12.3\async-http-client-netty-utils-2.12.3.jar;C:\Users\Sayli\.m2\repository\io\netty\netty-codec-socks\4.1.60.Final\netty-codec-socks-4.1.60.Final.jar;C:\Users\Sayli\.m2\repository\io\netty\netty-handler-proxy\4.1.60.Final\netty-handler-proxy-4.1.60.Final.jar;C:\Users\Sayli\.m2\repository\io\netty\netty-transport-native-epoll\4.1.60.Final\netty-transport-native-epoll-4.1.60.Final-linux-x86_64.jar;C:\Users\Sayli\.m2\repository\io\netty\netty-transport-native-kqueue\4.1.60.Final\netty-transport-native-kqueue-4.1.60.Final-osx-x86_64.jar;C:\Users\Sayli\.m2\repository\org\reactivestreams\reactive-streams\1.0.3\reactive-streams-1.0.3.jar;C:\Users\Sayli\.m2\repository\com\typesafe\netty\netty-reactive-streams\2.0.4\netty-reactive-streams-2.0.4.jar;C:\Users\Sayli\.m2\repository\com\sun\activation\jakarta.activation\1.2.2\jakarta.activation-1.2.2.jar;C:\Users\Sayli\.m2\repository\org\seleniumhq\selenium\selenium-http\4.6.0\selenium-http-4.6.0.jar;C:\Users\Sayli\.m2\repository\dev\failsafe\failsafe\3.3.0\failsafe-3.3.0.jar;C:\Users\Sayli\.m2\repository\org\seleniumhq\selenium\selenium-manager\4.6.0\selenium-manager-4.6.0.jar;C:\Users\Sayli\.m2\repository\org\seleniumhq\selenium\selenium-safari-driver\4.6.0\selenium-safari-driver-4.6.0.jar;C:\Users\Sayli\.m2\repository\org\seleniumhq\selenium\selenium-support\4.6.0\selenium-support-4.6.0.jar
Launcher Type: SUN_STANDARD

[Global flags]
     intx CICompilerCount                          = 4                                         {product} {ergonomic}
     uint ConcGCThreads                            = 3                                         {product} {ergonomic}
     uint G1ConcRefinementThreads                  = 10                                        {product} {ergonomic}
   size_t G1HeapRegionSize                         = 1048576                                   {product} {ergonomic}
    uintx GCDrainStackTargetSize                   = 64                                        {product} {ergonomic}
   size_t InitialHeapSize                          = 123731968                                 {product} {ergonomic}
   size_t MarkStackSize                            = 4194304                                   {product} {ergonomic}
   size_t MaxHeapSize                              = 1973420032                                {product} {ergonomic}
   size_t MaxNewSize                               = 1183842304                                {product} {ergonomic}
   size_t MinHeapDeltaBytes                        = 1048576                                   {product} {ergonomic}
   size_t MinHeapSize                              = 8388608                                   {product} {ergonomic}
    uintx NonNMethodCodeHeapSize                   = 5839372                                {pd product} {ergonomic}
    uintx NonProfiledCodeHeapSize                  = 122909434                              {pd product} {ergonomic}
    uintx ProfiledCodeHeapSize                     = 122909434                              {pd product} {ergonomic}
    uintx ReservedCodeCacheSize                    = 251658240                              {pd product} {ergonomic}
     bool SegmentedCodeCache                       = true                                      {product} {ergonomic}
     bool ShowCodeDetailsInExceptionMessages       = true                                   {manageable} {command line}
   size_t SoftMaxHeapSize                          = 1973420032                             {manageable} {ergonomic}
     bool UseCompressedClassPointers               = true                           {product lp64_product} {ergonomic}
     bool UseCompressedOops                        = true                           {product lp64_product} {ergonomic}
     bool UseG1GC                                  = true                                      {product} {ergonomic}
     bool UseLargePagesIndividualAllocation        = false                                  {pd product} {ergonomic}

Logging:
Log output configuration:
 #0: stdout all=warning uptime,level,tags foldmultilines=false
 #1: stderr all=off uptime,level,tags foldmultilines=false

Environment Variables:
PATH=C:\Users\Sayli\.p2\pool\plugins\org.eclipse.justj.openjdk.hotspot.jre.full.win32.x86_64_18.0.1.v20220515-1614\jre\bin;C:/Users/Sayli/.p2/pool/plugins/org.eclipse.justj.openjdk.hotspot.jre.full.win32.x86_64_18.0.1.v20220515-1614/jre/bin/server;C:/Users/Sayli/.p2/pool/plugins/org.eclipse.justj.openjdk.hotspot.jre.full.win32.x86_64_18.0.1.v20220515-1614/jre/bin;C:\Program Files (x86)\Common Files\Oracle\Java\javapath;C:\windows\system32;C:\windows;C:\windows\System32\Wbem;C:\windows\System32\WindowsPowerShell\v1.0\;C:\windows\System32\OpenSSH\;C:\Users\Sayli\AppData\Local\Microsoft\WindowsApps;;C:\windows\System32;
USERNAME=Sayli
OS=Windows_NT
PROCESSOR_IDENTIFIER=AMD64 Family 25 Model 80 Stepping 0, AuthenticAMD



---------------  S Y S T E M  ---------------

OS:
 Windows 11 , 64 bit Build 22000 (10.0.22000.1219)
OS uptime: 25 days 6:08 hours
Hyper-V role detected

CPU: total 12 (initial active 12) (12 cores per cpu, 2 threads per core) family 25 model 80 stepping 0 microcode 0x0, cx8, cmov, fxsr, ht, mmx, 3dnowpref, sse, sse2, sse3, ssse3, sse4a, sse4.1, sse4.2, popcnt, lzcnt, tsc, tscinvbit, avx, avx2, aes, erms, clmul, bmi1, bmi2, adx, sha, fma, vzeroupper, clflush, clflushopt, hv

Memory: 4k page, system-wide physical 7522M (1019M free)
TotalPageFile size 13712M (AvailPageFile size 2369M)
current process WorkingSet (physical memory assigned to process): 92M, peak: 101M
current process commit charge ("private bytes"): 228M, peak: 233M

vm_info: OpenJDK 64-Bit Server VM (18.0.1+10) for windows-amd64 JRE (18.0.1+10), built on Apr 20 2022 05:04:48 by "" with MS VC++ 16.7 (VS2019)

END.
